warning: source '../Core/*/Help' is not a readable file or directory... skipping.
/Users/sjthomas/Documents/GitHub/Toolboxes/SourceCode/Core/Common/Help/Contents.md:18: warning: No matching directory found for command \dir Common/CommonData/

/Users/sjthomas/Documents/GitHub/Toolboxes/SourceCode/Core/Common/FileUtils/FindRequiredFiles.m:477: warning: Found unknown command '\nA'
/Users/sjthomas/Documents/GitHub/Toolboxes/SourceCode/Core/Common/Demos/Control/LQFullState.m:25: warning: Found unknown command '@statespace'
/Users/sjthomas/Documents/GitHub/Toolboxes/SourceCode/Core/Common/Demos/Control/TPID.m:5: warning: Found unknown command '@statespace'
/Users/sjthomas/Documents/GitHub/Toolboxes/SourceCode/Core/Common/FileUtils/FindRequiredFiles.m:477: warning: Found unknown command '\nA'
/Users/sjthomas/Documents/GitHub/Toolboxes/SourceCode/Core/Common/FileUtils/FindRequiredFiles.m:477: warning: Found unknown command '\nA'
/Users/sjthomas/Documents/GitHub/Toolboxes/SourceCode/Core/Common/Control/CCVModel.m:47: warning: Found unknown command '@statespace'
/Users/sjthomas/Documents/GitHub/Toolboxes/SourceCode/Core/Common/Interface/ExportToPSSMatrix.m:7: warning: explicit link request to 'include' could not be resolved
/Users/sjthomas/Documents/GitHub/Toolboxes/SourceCode/Core/Common/Interface/ExportToPSSMatrix.m:9: warning: explicit link request to 'include' could not be resolved
/Users/sjthomas/Documents/GitHub/Toolboxes/SourceCode/Core/Common/General/LatexExp.m:6: warning: Found unknown command '\times'
/Users/sjthomas/Documents/GitHub/Toolboxes/SourceCode/Core/Common/Control/MagPlot.m:9: warning: End of list marker found without any preceding list items
/Users/sjthomas/Documents/GitHub/Toolboxes/SourceCode/Core/Common/Control/QCE.m:8: warning: End of list marker found without any preceding list items
/Users/sjthomas/Documents/GitHub/Toolboxes/SourceCode/Core/Common/Graphics/TitleS.m:5: warning: Found unknown command '@fontName'
/Users/sjthomas/Documents/GitHub/Toolboxes/SourceCode/Core/Common/Graphics/XLabelS.m:5: warning: Found unknown command '@fontName'
/Users/sjthomas/Documents/GitHub/Toolboxes/SourceCode/Core/Common/Graphics/YLabelS.m:5: warning: Found unknown command '@fontName'
/Users/sjthomas/Documents/GitHub/Toolboxes/SourceCode/Core/Common/Help/Contents.md:50: warning: Found unknown command '\nA'
/Users/sjthomas/Documents/GitHub/Toolboxes/SourceCode/Core/Common/FileUtils/FindRequiredFiles.m:477: warning: Found unknown command '\nA'
/Users/sjthomas/Documents/GitHub/Toolboxes/SourceCode/Core/Common/FileUtils/FindRequiredFiles.m:477: warning: Found unknown command '\nA'
error: Style sheet 'extrastyles.css' specified by HTML_EXTRA_STYLESHEET does not exist!
